{"C:\\Users\\carlo\\Documents\\CF\\meet\\src\\App.jsx": {"path":"C:\\Users\\carlo\\Documents\\CF\\meet\\src\\App.jsx","statementMap":{"0":{"start":{"line":9,"column":30},"end":{"line":9,"column":42}},"1":{"start":{"line":10,"column":36},"end":{"line":10,"column":48}},"2":{"start":{"line":11,"column":42},"end":{"line":11,"column":54}},"3":{"start":{"line":12,"column":36},"end":{"line":12,"column":48}},"4":{"start":{"line":14,"column":2},"end":{"line":21,"column":9}},"5":{"start":{"line":15,"column":24},"end":{"line":19,"column":5}},"6":{"start":{"line":16,"column":19},"end":{"line":16,"column":36}},"7":{"start":{"line":17,"column":6},"end":{"line":17,"column":22}},"8":{"start":{"line":18,"column":6},"end":{"line":18,"column":43}},"9":{"start":{"line":20,"column":4},"end":{"line":20,"column":18}},"10":{"start":{"line":23,"column":25},"end":{"line":25,"column":10}},"11":{"start":{"line":24,"column":27},"end":{"line":24,"column":58}},"12":{"start":{"line":27,"column":26},"end":{"line":27,"column":60}},"13":{"start":{"line":29,"column":2},"end":{"line":35,"column":4}}},"fnMap":{"0":{"name":"App","decl":{"start":{"line":8,"column":9},"end":{"line":8,"column":12}},"loc":{"start":{"line":8,"column":15},"end":{"line":36,"column":1}},"line":8},"1":{"name":"(anonymous_1)","decl":{"start":{"line":14,"column":12},"end":{"line":14,"column":13}},"loc":{"start":{"line":14,"column":18},"end":{"line":21,"column":3}},"line":14},"2":{"name":"(anonymous_2)","decl":{"start":{"line":15,"column":24},"end":{"line":15,"column":25}},"loc":{"start":{"line":15,"column":35},"end":{"line":19,"column":5}},"line":15},"3":{"name":"(anonymous_3)","decl":{"start":{"line":24,"column":18},"end":{"line":24,"column":19}},"loc":{"start":{"line":24,"column":27},"end":{"line":24,"column":58}},"line":24}},"branchMap":{"0":{"loc":{"start":{"line":23,"column":25},"end":{"line":25,"column":10}},"type":"cond-expr","locations":[{"start":{"line":24,"column":4},"end":{"line":24,"column":59}},{"start":{"line":25,"column":4},"end":{"line":25,"column":10}}],"line":23}},"s":{"0":4,"1":3,"2":3,"3":3,"4":3,"5":3,"6":3,"7":3,"8":3,"9":3,"10":3,"11":0,"12":3,"13":3},"f":{"0":4,"1":3,"2":3,"3":0},"b":{"0":[0,3]},"_coverageSchema":"1a1c01bbd47fc00a2c39e90264f33305004495a9","hash":"c8843570a6f6cd32c0a043b1522e5a89f3790b09"}
,"C:\\Users\\carlo\\Documents\\CF\\meet\\src\\api.js": {"path":"C:\\Users\\carlo\\Documents\\CF\\meet\\src\\api.js","statementMap":{"0":{"start":{"line":3,"column":32},"end":{"line":7,"column":1}},"1":{"start":{"line":4,"column":29},"end":{"line":4,"column":66}},"2":{"start":{"line":4,"column":51},"end":{"line":4,"column":65}},"3":{"start":{"line":5,"column":20},"end":{"line":5,"column":52}},"4":{"start":{"line":6,"column":2},"end":{"line":6,"column":19}},"5":{"start":{"line":9,"column":25},"end":{"line":11,"column":1}},"6":{"start":{"line":10,"column":2},"end":{"line":10,"column":18}}},"fnMap":{"0":{"name":"(anonymous_0)","decl":{"start":{"line":3,"column":32},"end":{"line":3,"column":33}},"loc":{"start":{"line":3,"column":44},"end":{"line":7,"column":1}},"line":3},"1":{"name":"(anonymous_1)","decl":{"start":{"line":4,"column":40},"end":{"line":4,"column":41}},"loc":{"start":{"line":4,"column":51},"end":{"line":4,"column":65}},"line":4},"2":{"name":"(anonymous_2)","decl":{"start":{"line":9,"column":25},"end":{"line":9,"column":26}},"loc":{"start":{"line":9,"column":37},"end":{"line":11,"column":1}},"line":9}},"branchMap":{},"s":{"0":4,"1":5,"2":175,"3":5,"4":5,"5":4,"6":7},"f":{"0":5,"1":175,"2":7},"b":{},"_coverageSchema":"1a1c01bbd47fc00a2c39e90264f33305004495a9","hash":"4579c2fbfe2875b72b38e7bed3f7be8baa7fd101"}
,"C:\\Users\\carlo\\Documents\\CF\\meet\\src\\mock-data.js": {"path":"C:\\Users\\carlo\\Documents\\CF\\meet\\src\\mock-data.js","statementMap":{"0":{"start":{"line":1,"column":17},"end":{"line":1367,"column":2}}},"fnMap":{},"branchMap":{},"s":{"0":4},"f":{},"b":{},"_coverageSchema":"1a1c01bbd47fc00a2c39e90264f33305004495a9","hash":"7ae58325a2700f37e45861bc7f19f00d50384e4c"}
,"C:\\Users\\carlo\\Documents\\CF\\meet\\src\\components\\CitySearch.jsx": {"path":"C:\\Users\\carlo\\Documents\\CF\\meet\\src\\components\\CitySearch.jsx","statementMap":{"0":{"start":{"line":6,"column":19},"end":{"line":53,"column":1}},"1":{"start":{"line":7,"column":48},"end":{"line":7,"column":63}},"2":{"start":{"line":8,"column":28},"end":{"line":8,"column":40}},"3":{"start":{"line":9,"column":40},"end":{"line":9,"column":52}},"4":{"start":{"line":11,"column":29},"end":{"line":18,"column":3}},"5":{"start":{"line":12,"column":18},"end":{"line":12,"column":36}},"6":{"start":{"line":13,"column":30},"end":{"line":15,"column":11}},"7":{"start":{"line":14,"column":6},"end":{"line":14,"column":70}},"8":{"start":{"line":16,"column":4},"end":{"line":16,"column":20}},"9":{"start":{"line":17,"column":4},"end":{"line":17,"column":38}},"10":{"start":{"line":19,"column":28},"end":{"line":26,"column":3}},"11":{"start":{"line":20,"column":18},"end":{"line":20,"column":42}},"12":{"start":{"line":21,"column":4},"end":{"line":21,"column":20}},"13":{"start":{"line":22,"column":4},"end":{"line":22,"column":30}},"14":{"start":{"line":23,"column":4},"end":{"line":25,"column":5}},"15":{"start":{"line":24,"column":6},"end":{"line":24,"column":61}},"16":{"start":{"line":30,"column":2},"end":{"line":52,"column":3}},"17":{"start":{"line":37,"column":23},"end":{"line":37,"column":47}},"18":{"start":{"line":43,"column":12},"end":{"line":43,"column":85}},"19":{"start":{"line":55,"column":0},"end":{"line":57,"column":2}}},"fnMap":{"0":{"name":"(anonymous_0)","decl":{"start":{"line":6,"column":19},"end":{"line":6,"column":20}},"loc":{"start":{"line":6,"column":57},"end":{"line":53,"column":1}},"line":6},"1":{"name":"(anonymous_1)","decl":{"start":{"line":11,"column":29},"end":{"line":11,"column":30}},"loc":{"start":{"line":11,"column":40},"end":{"line":18,"column":3}},"line":11},"2":{"name":"(anonymous_2)","decl":{"start":{"line":13,"column":65},"end":{"line":13,"column":66}},"loc":{"start":{"line":13,"column":79},"end":{"line":15,"column":5}},"line":13},"3":{"name":"(anonymous_3)","decl":{"start":{"line":19,"column":28},"end":{"line":19,"column":29}},"loc":{"start":{"line":19,"column":39},"end":{"line":26,"column":3}},"line":19},"4":{"name":"(anonymous_4)","decl":{"start":{"line":37,"column":17},"end":{"line":37,"column":18}},"loc":{"start":{"line":37,"column":23},"end":{"line":37,"column":47}},"line":37},"5":{"name":"(anonymous_5)","decl":{"start":{"line":42,"column":27},"end":{"line":42,"column":28}},"loc":{"start":{"line":42,"column":43},"end":{"line":44,"column":11}},"line":42}},"branchMap":{"0":{"loc":{"start":{"line":13,"column":30},"end":{"line":15,"column":11}},"type":"cond-expr","locations":[{"start":{"line":13,"column":45},"end":{"line":15,"column":6}},{"start":{"line":15,"column":9},"end":{"line":15,"column":11}}],"line":13},"1":{"loc":{"start":{"line":23,"column":4},"end":{"line":25,"column":5}},"type":"if","locations":[{"start":{"line":23,"column":4},"end":{"line":25,"column":5}},{"start":{},"end":{}}],"line":23},"2":{"loc":{"start":{"line":24,"column":21},"end":{"line":24,"column":59}},"type":"cond-expr","locations":[{"start":{"line":24,"column":50},"end":{"line":24,"column":52}},{"start":{"line":24,"column":54},"end":{"line":24,"column":59}}],"line":24},"3":{"loc":{"start":{"line":40,"column":7},"end":{"line":49,"column":14}},"type":"cond-expr","locations":[{"start":{"line":41,"column":8},"end":{"line":48,"column":13}},{"start":{"line":49,"column":10},"end":{"line":49,"column":14}}],"line":40}},"s":{"0":2,"1":26,"2":26,"3":26,"4":26,"5":12,"6":12,"7":24,"8":12,"9":12,"10":26,"11":1,"12":1,"13":1,"14":1,"15":0,"16":26,"17":3,"18":12,"19":2},"f":{"0":26,"1":12,"2":24,"3":1,"4":3,"5":12},"b":{"0":[12,0],"1":[0,1],"2":[0,0],"3":[15,11]},"_coverageSchema":"1a1c01bbd47fc00a2c39e90264f33305004495a9","hash":"db0c99b5d18dc04199520ec84d8d4183809d8d5b"}
,"C:\\Users\\carlo\\Documents\\CF\\meet\\src\\components\\Event.jsx": {"path":"C:\\Users\\carlo\\Documents\\CF\\meet\\src\\components\\Event.jsx","statementMap":{"0":{"start":{"line":6,"column":14},"end":{"line":26,"column":1}},"1":{"start":{"line":7,"column":40},"end":{"line":7,"column":55}},"2":{"start":{"line":8,"column":24},"end":{"line":8,"column":61}},"3":{"start":{"line":8,"column":30},"end":{"line":8,"column":61}},"4":{"start":{"line":8,"column":55},"end":{"line":8,"column":60}},"5":{"start":{"line":10,"column":2},"end":{"line":25,"column":4}},"6":{"start":{"line":28,"column":0},"end":{"line":35,"column":2}}},"fnMap":{"0":{"name":"(anonymous_0)","decl":{"start":{"line":6,"column":14},"end":{"line":6,"column":15}},"loc":{"start":{"line":6,"column":27},"end":{"line":26,"column":1}},"line":6},"1":{"name":"(anonymous_1)","decl":{"start":{"line":8,"column":24},"end":{"line":8,"column":25}},"loc":{"start":{"line":8,"column":30},"end":{"line":8,"column":61}},"line":8},"2":{"name":"(anonymous_2)","decl":{"start":{"line":8,"column":45},"end":{"line":8,"column":46}},"loc":{"start":{"line":8,"column":55},"end":{"line":8,"column":60}},"line":8}},"branchMap":{"0":{"loc":{"start":{"line":13,"column":7},"end":{"line":19,"column":7}},"type":"binary-expr","locations":[{"start":{"line":13,"column":7},"end":{"line":13,"column":18}},{"start":{"line":14,"column":8},"end":{"line":18,"column":14}}],"line":13},"1":{"loc":{"start":{"line":22,"column":9},"end":{"line":22,"column":54}},"type":"cond-expr","locations":[{"start":{"line":22,"column":23},"end":{"line":22,"column":37}},{"start":{"line":22,"column":40},"end":{"line":22,"column":54}}],"line":22}},"s":{"0":3,"1":41,"2":41,"3":3,"4":3,"5":41,"6":3},"f":{"0":41,"1":3,"2":3},"b":{"0":[41,2],"1":[2,39]},"_coverageSchema":"1a1c01bbd47fc00a2c39e90264f33305004495a9","hash":"e8db8e3e891905a3e0aa0821402944e1fc903191"}
,"C:\\Users\\carlo\\Documents\\CF\\meet\\src\\components\\EventList.jsx": {"path":"C:\\Users\\carlo\\Documents\\CF\\meet\\src\\components\\EventList.jsx","statementMap":{"0":{"start":{"line":7,"column":18},"end":{"line":13,"column":1}},"1":{"start":{"line":8,"column":2},"end":{"line":12,"column":4}},"2":{"start":{"line":10,"column":35},"end":{"line":10,"column":73}},"3":{"start":{"line":15,"column":0},"end":{"line":21,"column":2}}},"fnMap":{"0":{"name":"(anonymous_0)","decl":{"start":{"line":7,"column":18},"end":{"line":7,"column":19}},"loc":{"start":{"line":7,"column":34},"end":{"line":13,"column":1}},"line":7},"1":{"name":"(anonymous_1)","decl":{"start":{"line":10,"column":26},"end":{"line":10,"column":27}},"loc":{"start":{"line":10,"column":35},"end":{"line":10,"column":73}},"line":10}},"branchMap":{"0":{"loc":{"start":{"line":10,"column":7},"end":{"line":10,"column":80}},"type":"cond-expr","locations":[{"start":{"line":10,"column":15},"end":{"line":10,"column":74}},{"start":{"line":10,"column":76},"end":{"line":10,"column":80}}],"line":10}},"s":{"0":2,"1":6,"2":35,"3":2},"f":{"0":6,"1":35},"b":{"0":[4,2]},"_coverageSchema":"1a1c01bbd47fc00a2c39e90264f33305004495a9","hash":"e3578b6128d3317637b29fbe6caa1fc44ef234ee"}
,"C:\\Users\\carlo\\Documents\\CF\\meet\\src\\components\\NumberOfEvents.jsx": {"path":"C:\\Users\\carlo\\Documents\\CF\\meet\\src\\components\\NumberOfEvents.jsx","statementMap":{"0":{"start":{"line":6,"column":23},"end":{"line":25,"column":1}},"1":{"start":{"line":7,"column":28},"end":{"line":12,"column":3}},"2":{"start":{"line":8,"column":16},"end":{"line":8,"column":44}},"3":{"start":{"line":9,"column":4},"end":{"line":11,"column":5}},"4":{"start":{"line":10,"column":6},"end":{"line":10,"column":32}},"5":{"start":{"line":14,"column":2},"end":{"line":24,"column":4}},"6":{"start":{"line":31,"column":0},"end":{"line":34,"column":2}}},"fnMap":{"0":{"name":"(anonymous_0)","decl":{"start":{"line":6,"column":23},"end":{"line":6,"column":24}},"loc":{"start":{"line":6,"column":62},"end":{"line":25,"column":1}},"line":6},"1":{"name":"(anonymous_1)","decl":{"start":{"line":7,"column":28},"end":{"line":7,"column":29}},"loc":{"start":{"line":7,"column":39},"end":{"line":12,"column":3}},"line":7}},"branchMap":{"0":{"loc":{"start":{"line":9,"column":4},"end":{"line":11,"column":5}},"type":"if","locations":[{"start":{"line":9,"column":4},"end":{"line":11,"column":5}},{"start":{},"end":{}}],"line":9}},"s":{"0":2,"1":8,"2":2,"3":2,"4":2,"5":8,"6":2},"f":{"0":8,"1":2},"b":{"0":[2,0]},"_coverageSchema":"1a1c01bbd47fc00a2c39e90264f33305004495a9","hash":"57bfe1b73bc8632026734863fc10eff67a11d2a3"}
}
