TN:
SF:src\App.jsx
FN:7,App
FNF:1
FNH:1
FNDA:3,App
DA:8,3
LF:1
LH:1
BRF:0
BRH:0
end_of_record
TN:
SF:src\api.js
FN:3,(anonymous_0)
FN:4,(anonymous_1)
FN:9,(anonymous_2)
FNF:3
FNH:3
FNDA:2,(anonymous_0)
FNDA:70,(anonymous_1)
FNDA:4,(anonymous_2)
DA:3,3
DA:4,70
DA:5,2
DA:6,2
DA:9,3
DA:10,4
LF:6
LH:6
BRF:0
BRH:0
end_of_record
TN:
SF:src\mock-data.js
FNF:0
FNH:0
DA:1,3
LF:1
LH:1
BRF:0
BRH:0
end_of_record
TN:
SF:src\components\CitySearch.jsx
FN:5,(anonymous_0)
FN:9,(anonymous_1)
FN:12,(anonymous_2)
FN:18,(anonymous_3)
FN:31,(anonymous_4)
FN:36,(anonymous_5)
FNF:6
FNH:6
FNDA:26,(anonymous_0)
FNDA:12,(anonymous_1)
FNDA:24,(anonymous_2)
FNDA:1,(anonymous_3)
FNDA:3,(anonymous_4)
FNDA:12,(anonymous_5)
DA:5,2
DA:6,26
DA:7,26
DA:8,26
DA:9,26
DA:10,12
DA:12,12
DA:13,24
DA:15,12
DA:16,12
DA:18,26
DA:19,1
DA:20,1
DA:21,1
DA:24,26
DA:31,3
DA:37,12
LF:17
LH:17
BRDA:12,0,0,12
BRDA:12,0,1,0
BRDA:34,1,0,15
BRDA:34,1,1,11
BRF:4
BRH:3
end_of_record
TN:
SF:src\components\Event.jsx
FN:6,(anonymous_0)
FN:8,(anonymous_1)
FN:8,(anonymous_2)
FNF:3
FNH:3
FNDA:41,(anonymous_0)
FNDA:3,(anonymous_1)
FNDA:3,(anonymous_2)
DA:6,3
DA:7,41
DA:8,41
DA:10,41
DA:28,3
LF:5
LH:5
BRDA:13,0,0,41
BRDA:13,0,1,2
BRDA:22,1,0,2
BRDA:22,1,1,39
BRF:4
BRH:4
end_of_record
TN:
SF:src\components\EventList.jsx
FN:7,(anonymous_0)
FN:10,(anonymous_1)
FNF:2
FNH:2
FNDA:6,(anonymous_0)
FNDA:35,(anonymous_1)
DA:7,2
DA:8,6
DA:10,35
DA:15,2
LF:4
LH:4
BRDA:10,0,0,1
BRDA:10,0,1,5
BRF:2
BRH:2
end_of_record
TN:
SF:src\components\NumberOfEvents.jsx
FN:4,(anonymous_0)
FN:14,(anonymous_1)
FNF:2
FNH:2
FNDA:10,(anonymous_0)
FNDA:4,(anonymous_1)
DA:4,2
DA:5,10
DA:6,10
DA:14,4
LF:4
LH:4
BRF:0
BRH:0
end_of_record
