TN:
SF:src\App.jsx
FN:8,App
FN:14,(anonymous_1)
FN:15,(anonymous_2)
FN:24,(anonymous_3)
FNF:4
FNH:3
FNDA:4,App
FNDA:3,(anonymous_1)
FNDA:3,(anonymous_2)
FNDA:0,(anonymous_3)
DA:9,4
DA:10,3
DA:11,3
DA:12,3
DA:14,3
DA:15,3
DA:16,3
DA:17,3
DA:18,3
DA:20,3
DA:23,3
DA:24,0
DA:27,3
DA:29,3
LF:14
LH:13
BRDA:23,0,0,0
BRDA:23,0,1,3
BRF:2
BRH:1
end_of_record
TN:
SF:src\api.js
FN:3,(anonymous_0)
FN:4,(anonymous_1)
FN:9,(anonymous_2)
FNF:3
FNH:3
FNDA:5,(anonymous_0)
FNDA:175,(anonymous_1)
FNDA:7,(anonymous_2)
DA:3,4
DA:4,175
DA:5,5
DA:6,5
DA:9,4
DA:10,7
LF:6
LH:6
BRF:0
BRH:0
end_of_record
TN:
SF:src\mock-data.js
FNF:0
FNH:0
DA:1,4
LF:1
LH:1
BRF:0
BRH:0
end_of_record
TN:
SF:src\components\CitySearch.jsx
FN:6,(anonymous_0)
FN:11,(anonymous_1)
FN:13,(anonymous_2)
FN:19,(anonymous_3)
FN:37,(anonymous_4)
FN:42,(anonymous_5)
FNF:6
FNH:6
FNDA:26,(anonymous_0)
FNDA:12,(anonymous_1)
FNDA:24,(anonymous_2)
FNDA:1,(anonymous_3)
FNDA:3,(anonymous_4)
FNDA:12,(anonymous_5)
DA:6,2
DA:7,26
DA:8,26
DA:9,26
DA:11,26
DA:12,12
DA:13,12
DA:14,24
DA:16,12
DA:17,12
DA:19,26
DA:20,1
DA:21,1
DA:22,1
DA:23,1
DA:24,0
DA:30,26
DA:37,3
DA:43,12
DA:55,2
LF:20
LH:19
BRDA:13,0,0,12
BRDA:13,0,1,0
BRDA:23,1,0,0
BRDA:23,1,1,1
BRDA:24,2,0,0
BRDA:24,2,1,0
BRDA:40,3,0,15
BRDA:40,3,1,11
BRF:8
BRH:4
end_of_record
TN:
SF:src\components\Event.jsx
FN:6,(anonymous_0)
FN:8,(anonymous_1)
FN:8,(anonymous_2)
FNF:3
FNH:3
FNDA:41,(anonymous_0)
FNDA:3,(anonymous_1)
FNDA:3,(anonymous_2)
DA:6,3
DA:7,41
DA:8,41
DA:10,41
DA:28,3
LF:5
LH:5
BRDA:13,0,0,41
BRDA:13,0,1,2
BRDA:22,1,0,2
BRDA:22,1,1,39
BRF:4
BRH:4
end_of_record
TN:
SF:src\components\EventList.jsx
FN:7,(anonymous_0)
FN:10,(anonymous_1)
FNF:2
FNH:2
FNDA:6,(anonymous_0)
FNDA:35,(anonymous_1)
DA:7,2
DA:8,6
DA:10,35
DA:15,2
LF:4
LH:4
BRDA:10,0,0,4
BRDA:10,0,1,2
BRF:2
BRH:2
end_of_record
TN:
SF:src\components\NumberOfEvents.jsx
FN:6,(anonymous_0)
FN:7,(anonymous_1)
FNF:2
FNH:2
FNDA:8,(anonymous_0)
FNDA:2,(anonymous_1)
DA:6,2
DA:7,8
DA:8,2
DA:9,2
DA:10,2
DA:14,8
DA:31,2
LF:7
LH:7
BRDA:9,0,0,2
BRDA:9,0,1,0
BRF:2
BRH:1
end_of_record
